Using pre-set license
Built from '2020.3/staging' branch; Version is '2020.3.30f1 (1fb1bf06830e) revision 2077119'; Using compiler version '192528614'; Build Type 'Release'
OS: 'Windows 11  (10.0.22000) 64bit Core' Language: 'en' Physical Memory: 5996 MB
BatchMode: 1, IsHumanControllingUs: 0, StartBugReporterOnCrash: 0, Is64bit: 1, IsPro: 0

COMMAND LINE ARGUMENTS:
C:\Program Files\Unity\Hub\Editor\2020.3.30f1\Editor\Unity.exe
-adb2
-batchMode
-noUpm
-name
AssetImportWorker0
-projectPath
C:/Users/erben/OneDrive/Desktop/dev/game dev/Frost-Burn/Frost Burn
-logFile
Logs/AssetImportWorker0.log
-srvPort
64232
Successfully changed project path to: C:/Users/erben/OneDrive/Desktop/dev/game dev/Frost-Burn/Frost Burn
C:/Users/erben/OneDrive/Desktop/dev/game dev/Frost-Burn/Frost Burn
Using Asset Import Pipeline V2.
Refreshing native plugins compatible for Editor in 39.55 ms, found 3 plugins.
Preloading 0 native plugins for Editor in 0.00 ms.
Initialize engine version: 2020.3.30f1 (1fb1bf06830e)
[Subsystems] Discovering subsystems at path C:/Program Files/Unity/Hub/Editor/2020.3.30f1/Editor/Data/Resources/UnitySubsystems
[Subsystems] Discovering subsystems at path C:/Users/erben/OneDrive/Desktop/dev/game dev/Frost-Burn/Frost Burn/Assets
GfxDevice: creating device client; threaded=0
Direct3D:
    Version:  Direct3D 11.0 [level 11.1]
    Renderer: NVIDIA GeForce RTX 3050 Ti Laptop GPU (ID=0x25a0)
    Vendor:   
    VRAM:     3978 MB
    Driver:   31.0.15.2656
Initialize mono
Mono path[0] = 'C:/Program Files/Unity/Hub/Editor/2020.3.30f1/Editor/Data/Managed'
Mono path[1] = 'C:/Program Files/Unity/Hub/Editor/2020.3.30f1/Editor/Data/MonoBleedingEdge/lib/mono/unityjit'
Mono config path = 'C:/Program Files/Unity/Hub/Editor/2020.3.30f1/Editor/Data/MonoBleedingEdge/etc'
Using monoOptions --debugger-agent=transport=dt_socket,embedding=1,server=y,suspend=n,address=127.0.0.1:56908
Begin MonoManager ReloadAssembly
Registering precompiled unity dll's ...
Register platform support module: C:/Program Files/Unity/Hub/Editor/2020.3.30f1/Editor/Data/PlaybackEngines/WebGLSupport/UnityEditor.WebGL.Extensions.dll
Register platform support module: C:/Program Files/Unity/Hub/Editor/2020.3.30f1/Editor/Data/PlaybackEngines/MacStandaloneSupport/UnityEditor.OSXStandalone.Extensions.dll
Register platform support module: C:/Program Files/Unity/Hub/Editor/2020.3.30f1/Editor/Data/PlaybackEngines/WindowsStandaloneSupport/UnityEditor.WindowsStandalone.Extensions.dll
Registered in 0.005532 seconds.
Native extension for WindowsStandalone target not found
Native extension for OSXStandalone target not found
Native extension for WebGL target not found
Refreshing native plugins compatible for Editor in 38.21 ms, found 3 plugins.
Preloading 0 native plugins for Editor in 0.00 ms.
Mono: successfully reloaded assembly
- Completed reload, in  0.528 seconds
Domain Reload Profiling:
	ReloadAssembly (528ms)
		BeginReloadAssembly (93ms)
			ExecutionOrderSort (0ms)
			DisableScriptedObjects (0ms)
			BackupInstance (0ms)
			ReleaseScriptingObjects (0ms)
			CreateAndSetChildDomain (1ms)
		EndReloadAssembly (372ms)
			LoadAssemblies (92ms)
			RebuildTransferFunctionScriptingTraits (1ms)
			SetupTypeCache (100ms)
			ReleaseScriptCaches (0ms)
			RebuildScriptCaches (22ms)
			SetupLoadedEditorAssemblies (161ms)
				LogAssemblyErrors (0ms)
				InitializePlatformSupportModulesInManaged (5ms)
				SetLoadedEditorAssemblies (0ms)
				RefreshPlugins (38ms)
				BeforeProcessingInitializeOnLoad (17ms)
				ProcessInitializeOnLoadAttributes (76ms)
				ProcessInitializeOnLoadMethodAttributes (24ms)
				AfterProcessingInitializeOnLoad (0ms)
				EditorAssembliesLoaded (0ms)
			ExecutionOrderSort2 (0ms)
			AwakeInstancesAfterBackupRestoration (0ms)
Platform modules already initialized, skipping
Registering precompiled user dll's ...
Registered in 0.008403 seconds.
Begin MonoManager ReloadAssembly
Native extension for WindowsStandalone target not found
Native extension for OSXStandalone target not found
Native extension for WebGL target not found
Refreshing native plugins compatible for Editor in 35.97 ms, found 3 plugins.
Preloading 0 native plugins for Editor in 0.00 ms.
Mono: successfully reloaded assembly
- Completed reload, in  0.952 seconds
Domain Reload Profiling:
	ReloadAssembly (953ms)
		BeginReloadAssembly (126ms)
			ExecutionOrderSort (0ms)
			DisableScriptedObjects (4ms)
			BackupInstance (0ms)
			ReleaseScriptingObjects (0ms)
			CreateAndSetChildDomain (18ms)
		EndReloadAssembly (777ms)
			LoadAssemblies (132ms)
			RebuildTransferFunctionScriptingTraits (0ms)
			SetupTypeCache (256ms)
			ReleaseScriptCaches (0ms)
			RebuildScriptCaches (33ms)
			SetupLoadedEditorAssemblies (285ms)
				LogAssemblyErrors (0ms)
				InitializePlatformSupportModulesInManaged (4ms)
				SetLoadedEditorAssemblies (0ms)
				RefreshPlugins (36ms)
				BeforeProcessingInitializeOnLoad (68ms)
				ProcessInitializeOnLoadAttributes (155ms)
				ProcessInitializeOnLoadMethodAttributes (15ms)
				AfterProcessingInitializeOnLoad (6ms)
				EditorAssembliesLoaded (0ms)
			ExecutionOrderSort2 (0ms)
			AwakeInstancesAfterBackupRestoration (5ms)
Platform modules already initialized, skipping
========================================================================
Worker process is ready to serve import requests
Launched and connected shader compiler UnityShaderCompiler.exe after 0.05 seconds
Refreshing native plugins compatible for Editor in 0.64 ms, found 3 plugins.
Preloading 0 native plugins for Editor in 0.00 ms.
Unloading 2250 Unused Serialized files (Serialized files now loaded: 0)
System memory in use before: 99.6 MB.
System memory in use after: 99.5 MB.

Unloading 30 unused Assets to reduce memory usage. Loaded Objects now: 2683.
Total: 3.703200 ms (FindLiveObjects: 0.178300 ms CreateObjectMapping: 0.061300 ms MarkObjects: 3.242400 ms  DeleteObjects: 0.220400 ms)

AssetImportParameters requested are different than current active one (requested -> active):
  custom:framework-win-MediaFoundation: 216162199b28c13a410421893ffa2e32 -> 
  custom:video-decoder-ogg-theora: a1e56fd34408186e4bbccfd4996cb3dc -> 
  custom:container-muxer-webm: aa71ff27fc2769a1b78a27578f13a17b -> 
  custom:container-demuxer-webm: 4f35f7cbe854078d1ac9338744f61a02 -> 
  custom:container-demuxer-ogg: 62fdf1f143b41e24485cea50d1cbac27 -> 
  custom:video-encoder-webm-vp8: eb34c28f22e8b96e1ab97ce403110664 -> 
  custom:video-codec-MediaFoundation-h265: 746d11721c4dcdbdad8f713fa42b33f4 -> 
  custom:video-decoder-webm-vp8: 9c59270c3fd7afecdb556c50c9e8de78 -> 
  custom:audio-decoder-ogg-vorbis: bf7c407c2cedff20999df2af8eb42d56 -> 
  custom:audio-encoder-webm-vorbis: bf7c407c2cedff20999df2af8eb42d56 -> 
========================================================================
Received Import Request.
  path: Assets/New Palette.prefab
  artifactKey: Guid(919c0e4f63fa7954d84e1f603ce26abd) Importer(815301076,1909f56bfc062723c751e8b465ee728b)
Start importing Assets/New Palette.prefab using Guid(919c0e4f63fa7954d84e1f603ce26abd) Importer(815301076,1909f56bfc062723c751e8b465ee728b)  -> (artifact id: 'f11b62ad9c78df7662636af7525d5d0f') in 0.097134 seconds 
========================================================================
Received Import Request.
  Time since last request: 120.160990 seconds.
  path: Assets/New Palette.prefab
  artifactKey: Guid(919c0e4f63fa7954d84e1f603ce26abd) Importer(815301076,1909f56bfc062723c751e8b465ee728b)
Start importing Assets/New Palette.prefab using Guid(919c0e4f63fa7954d84e1f603ce26abd) Importer(815301076,1909f56bfc062723c751e8b465ee728b)  -> (artifact id: '9d9fff2d8b1f6c1789639378e26a9395') in 0.020519 seconds 
========================================================================
Received Import Request.
  Time since last request: 33.159073 seconds.
  path: Assets/Sprites/Square.png
  artifactKey: Guid(51b490d7594d45a439ecbba1343c4e21) Importer(815301076,1909f56bfc062723c751e8b465ee728b)
Start importing Assets/Sprites/Square.png using Guid(51b490d7594d45a439ecbba1343c4e21) Importer(815301076,1909f56bfc062723c751e8b465ee728b)  -> (artifact id: '6587f3ff2aa33156acba2331eac1770d') in 0.068435 seconds 
========================================================================
Received Import Request.
  Time since last request: 9.229675 seconds.
  path: Assets/Sprites/Square.asset
  artifactKey: Guid(44b7e66db1e601340b11db7ed5c1868d) Importer(815301076,1909f56bfc062723c751e8b465ee728b)
Start importing Assets/Sprites/Square.asset using Guid(44b7e66db1e601340b11db7ed5c1868d) Importer(815301076,1909f56bfc062723c751e8b465ee728b)  -> (artifact id: '0df5f97c2fbcf7596168771da5f85723') in 0.018937 seconds 
========================================================================
Received Import Request.
  Time since last request: 343.821121 seconds.
  path: Assets/New Palette.prefab
  artifactKey: Guid(919c0e4f63fa7954d84e1f603ce26abd) Importer(815301076,1909f56bfc062723c751e8b465ee728b)
Start importing Assets/New Palette.prefab using Guid(919c0e4f63fa7954d84e1f603ce26abd) Importer(815301076,1909f56bfc062723c751e8b465ee728b)  -> (artifact id: 'c84dcd97e377a29368ca15e1dbb72d38') in 0.028107 seconds 
========================================================================
Received Import Request.
  Time since last request: 26.110201 seconds.
  path: Assets/New Palette.prefab
  artifactKey: Guid(919c0e4f63fa7954d84e1f603ce26abd) Importer(815301076,1909f56bfc062723c751e8b465ee728b)
Start importing Assets/New Palette.prefab using Guid(919c0e4f63fa7954d84e1f603ce26abd) Importer(815301076,1909f56bfc062723c751e8b465ee728b)  -> (artifact id: 'be73f67b4811c4c939b715528d1c4154') in 0.013356 seconds 
========================================================================
Received Import Request.
  Time since last request: 4.810110 seconds.
  path: Assets/New Palette.prefab
  artifactKey: Guid(919c0e4f63fa7954d84e1f603ce26abd) Importer(815301076,1909f56bfc062723c751e8b465ee728b)
Start importing Assets/New Palette.prefab using Guid(919c0e4f63fa7954d84e1f603ce26abd) Importer(815301076,1909f56bfc062723c751e8b465ee728b)  -> (artifact id: '0f3f3bb2f3f32113cfa7a5594435a7d8') in 0.015448 seconds 
========================================================================
Received Import Request.
  Time since last request: 3.204703 seconds.
  path: Assets/New Palette.prefab
  artifactKey: Guid(919c0e4f63fa7954d84e1f603ce26abd) Importer(815301076,1909f56bfc062723c751e8b465ee728b)
Start importing Assets/New Palette.prefab using Guid(919c0e4f63fa7954d84e1f603ce26abd) Importer(815301076,1909f56bfc062723c751e8b465ee728b)  -> (artifact id: '2c5c7c3b482d16f349b1b47c7d75b650') in 0.013593 seconds 
========================================================================
Received Import Request.
  Time since last request: 24.806689 seconds.
  path: Assets/New Palette.prefab
  artifactKey: Guid(919c0e4f63fa7954d84e1f603ce26abd) Importer(815301076,1909f56bfc062723c751e8b465ee728b)
Start importing Assets/New Palette.prefab using Guid(919c0e4f63fa7954d84e1f603ce26abd) Importer(815301076,1909f56bfc062723c751e8b465ee728b)  -> (artifact id: 'a8389481a75eae6b63d412e0d8e1b2fb') in 0.009714 seconds 
========================================================================
Received Import Request.
  Time since last request: 43.587056 seconds.
  path: Assets/New Palette.prefab
  artifactKey: Guid(919c0e4f63fa7954d84e1f603ce26abd) Importer(815301076,1909f56bfc062723c751e8b465ee728b)
Start importing Assets/New Palette.prefab using Guid(919c0e4f63fa7954d84e1f603ce26abd) Importer(815301076,1909f56bfc062723c751e8b465ee728b)  -> (artifact id: 'a00e7b2e52c2e13a586415f88ec53fb2') in 0.013504 seconds 
========================================================================
Received Import Request.
  Time since last request: 12.589025 seconds.
  path: Assets/New Palette.prefab
  artifactKey: Guid(919c0e4f63fa7954d84e1f603ce26abd) Importer(815301076,1909f56bfc062723c751e8b465ee728b)
Start importing Assets/New Palette.prefab using Guid(919c0e4f63fa7954d84e1f603ce26abd) Importer(815301076,1909f56bfc062723c751e8b465ee728b)  -> (artifact id: '32eef6f98160cf0660419d993d9d572f') in 0.020369 seconds 
========================================================================
Received Import Request.
  Time since last request: 20.327865 seconds.
  path: Assets/New Palette.prefab
  artifactKey: Guid(919c0e4f63fa7954d84e1f603ce26abd) Importer(815301076,1909f56bfc062723c751e8b465ee728b)
Start importing Assets/New Palette.prefab using Guid(919c0e4f63fa7954d84e1f603ce26abd) Importer(815301076,1909f56bfc062723c751e8b465ee728b)  -> (artifact id: '8e0a0143375f4e29f1eacb81d4cd2f34') in 0.015126 seconds 
========================================================================
Received Import Request.
  Time since last request: 1.195177 seconds.
  path: Assets/New Palette.prefab
  artifactKey: Guid(919c0e4f63fa7954d84e1f603ce26abd) Importer(815301076,1909f56bfc062723c751e8b465ee728b)
Start importing Assets/New Palette.prefab using Guid(919c0e4f63fa7954d84e1f603ce26abd) Importer(815301076,1909f56bfc062723c751e8b465ee728b)  -> (artifact id: '4f1e3f14ac5b372b0e403b66ef9f783f') in 0.012910 seconds 
========================================================================
Received Import Request.
  Time since last request: 6.029646 seconds.
  path: Assets/New Palette.prefab
  artifactKey: Guid(919c0e4f63fa7954d84e1f603ce26abd) Importer(815301076,1909f56bfc062723c751e8b465ee728b)
Start importing Assets/New Palette.prefab using Guid(919c0e4f63fa7954d84e1f603ce26abd) Importer(815301076,1909f56bfc062723c751e8b465ee728b)  -> (artifact id: 'f9b4a2797ffcaa60efe69a41a0fcbb9d') in 0.012991 seconds 
========================================================================
Received Import Request.
  Time since last request: 4.212353 seconds.
  path: Assets/New Palette.prefab
  artifactKey: Guid(919c0e4f63fa7954d84e1f603ce26abd) Importer(815301076,1909f56bfc062723c751e8b465ee728b)
Start importing Assets/New Palette.prefab using Guid(919c0e4f63fa7954d84e1f603ce26abd) Importer(815301076,1909f56bfc062723c751e8b465ee728b)  -> (artifact id: 'b9bfdb31dbb875649dc0b8873bb21eed') in 0.015536 seconds 
========================================================================
Received Import Request.
  Time since last request: 2.996907 seconds.
  path: Assets/New Palette.prefab
  artifactKey: Guid(919c0e4f63fa7954d84e1f603ce26abd) Importer(815301076,1909f56bfc062723c751e8b465ee728b)
Start importing Assets/New Palette.prefab using Guid(919c0e4f63fa7954d84e1f603ce26abd) Importer(815301076,1909f56bfc062723c751e8b465ee728b)  -> (artifact id: '55bd818a12331030be7ef1f54b070938') in 0.011854 seconds 
========================================================================
Received Import Request.
  Time since last request: 96.052693 seconds.
  path: Assets/New Palette.prefab
  artifactKey: Guid(919c0e4f63fa7954d84e1f603ce26abd) Importer(815301076,1909f56bfc062723c751e8b465ee728b)
Start importing Assets/New Palette.prefab using Guid(919c0e4f63fa7954d84e1f603ce26abd) Importer(815301076,1909f56bfc062723c751e8b465ee728b)  -> (artifact id: '09002ae28429accea1808438c3190e24') in 0.020406 seconds 
========================================================================
Received Import Request.
  Time since last request: 31.725449 seconds.
  path: Assets/New Palette.prefab
  artifactKey: Guid(919c0e4f63fa7954d84e1f603ce26abd) Importer(815301076,1909f56bfc062723c751e8b465ee728b)
Start importing Assets/New Palette.prefab using Guid(919c0e4f63fa7954d84e1f603ce26abd) Importer(815301076,1909f56bfc062723c751e8b465ee728b)  -> (artifact id: '57378af3a0c99ccc0f276d3ac301b702') in 0.011068 seconds 
========================================================================
Received Import Request.
  Time since last request: 195.809073 seconds.
  path: Assets/Sprites/Square.png
  artifactKey: Guid(51b490d7594d45a439ecbba1343c4e21) Importer(815301076,1909f56bfc062723c751e8b465ee728b)
Start importing Assets/Sprites/Square.png using Guid(51b490d7594d45a439ecbba1343c4e21) Importer(815301076,1909f56bfc062723c751e8b465ee728b)  -> (artifact id: '616f0449f1e3e9ca1d63bd7cfd6f53d2') in 0.015853 seconds 
========================================================================
Received Import Request.
  Time since last request: 11.741136 seconds.
  path: Assets/New Palette.prefab
  artifactKey: Guid(919c0e4f63fa7954d84e1f603ce26abd) Importer(815301076,1909f56bfc062723c751e8b465ee728b)
Start importing Assets/New Palette.prefab using Guid(919c0e4f63fa7954d84e1f603ce26abd) Importer(815301076,1909f56bfc062723c751e8b465ee728b)  -> (artifact id: '6927261b588d02891d486ad3f6fb23c1') in 0.014133 seconds 
========================================================================
Received Import Request.
  Time since last request: 2.389339 seconds.
  path: Assets/New Palette.prefab
  artifactKey: Guid(919c0e4f63fa7954d84e1f603ce26abd) Importer(815301076,1909f56bfc062723c751e8b465ee728b)
Start importing Assets/New Palette.prefab using Guid(919c0e4f63fa7954d84e1f603ce26abd) Importer(815301076,1909f56bfc062723c751e8b465ee728b)  -> (artifact id: 'fde97b6f3db8ae49c8f822dd6834ead2') in 0.014981 seconds 
========================================================================
Received Prepare
Registering precompiled user dll's ...
Registered in 0.006511 seconds.
Begin MonoManager ReloadAssembly
Native extension for WindowsStandalone target not found
Native extension for OSXStandalone target not found
Native extension for WebGL target not found
Refreshing native plugins compatible for Editor in 0.94 ms, found 3 plugins.
Preloading 0 native plugins for Editor in 0.00 ms.
Mono: successfully reloaded assembly
- Completed reload, in  0.833 seconds
Domain Reload Profiling:
	ReloadAssembly (834ms)
		BeginReloadAssembly (129ms)
			ExecutionOrderSort (0ms)
			DisableScriptedObjects (5ms)
			BackupInstance (0ms)
			ReleaseScriptingObjects (0ms)
			CreateAndSetChildDomain (33ms)
		EndReloadAssembly (656ms)
			LoadAssemblies (113ms)
			RebuildTransferFunctionScriptingTraits (0ms)
			SetupTypeCache (213ms)
			ReleaseScriptCaches (1ms)
			RebuildScriptCaches (30ms)
			SetupLoadedEditorAssemblies (257ms)
				LogAssemblyErrors (0ms)
				InitializePlatformSupportModulesInManaged (5ms)
				SetLoadedEditorAssemblies (1ms)
				RefreshPlugins (1ms)
				BeforeProcessingInitializeOnLoad (78ms)
				ProcessInitializeOnLoadAttributes (156ms)
				ProcessInitializeOnLoadMethodAttributes (9ms)
				AfterProcessingInitializeOnLoad (7ms)
				EditorAssembliesLoaded (0ms)
			ExecutionOrderSort2 (0ms)
			AwakeInstancesAfterBackupRestoration (7ms)
Platform modules already initialized, skipping
Refreshing native plugins compatible for Editor in 1.07 ms, found 3 plugins.
Preloading 0 native plugins for Editor in 0.00 ms.
Unloading 2232 Unused Serialized files (Serialized files now loaded: 0)
System memory in use before: 101.5 MB.
System memory in use after: 101.4 MB.

Unloading 20 unused Assets to reduce memory usage. Loaded Objects now: 2696.
Total: 5.682400 ms (FindLiveObjects: 0.430200 ms CreateObjectMapping: 0.069400 ms MarkObjects: 4.815400 ms  DeleteObjects: 0.365400 ms)

AssetImportParameters requested are different than current active one (requested -> active):
  custom:framework-win-MediaFoundation: 216162199b28c13a410421893ffa2e32 -> 
  custom:video-decoder-ogg-theora: a1e56fd34408186e4bbccfd4996cb3dc -> 
  custom:container-muxer-webm: aa71ff27fc2769a1b78a27578f13a17b -> 
  custom:container-demuxer-webm: 4f35f7cbe854078d1ac9338744f61a02 -> 
  custom:container-demuxer-ogg: 62fdf1f143b41e24485cea50d1cbac27 -> 
  custom:video-encoder-webm-vp8: eb34c28f22e8b96e1ab97ce403110664 -> 
  custom:video-codec-MediaFoundation-h265: 746d11721c4dcdbdad8f713fa42b33f4 -> 
  custom:video-decoder-webm-vp8: 9c59270c3fd7afecdb556c50c9e8de78 -> 
  custom:audio-decoder-ogg-vorbis: bf7c407c2cedff20999df2af8eb42d56 -> 
  custom:audio-encoder-webm-vorbis: bf7c407c2cedff20999df2af8eb42d56 -> 
========================================================================
Received Prepare
Registering precompiled user dll's ...
Registered in 0.004393 seconds.
Begin MonoManager ReloadAssembly
Native extension for WindowsStandalone target not found
Native extension for OSXStandalone target not found
Native extension for WebGL target not found
Refreshing native plugins compatible for Editor in 0.54 ms, found 3 plugins.
Preloading 0 native plugins for Editor in 0.00 ms.
Mono: successfully reloaded assembly
- Completed reload, in  0.796 seconds
Domain Reload Profiling:
	ReloadAssembly (797ms)
		BeginReloadAssembly (105ms)
			ExecutionOrderSort (0ms)
			DisableScriptedObjects (5ms)
			BackupInstance (0ms)
			ReleaseScriptingObjects (0ms)
			CreateAndSetChildDomain (31ms)
		EndReloadAssembly (642ms)
			LoadAssemblies (100ms)
			RebuildTransferFunctionScriptingTraits (0ms)
			SetupTypeCache (208ms)
			ReleaseScriptCaches (1ms)
			RebuildScriptCaches (34ms)
			SetupLoadedEditorAssemblies (245ms)
				LogAssemblyErrors (0ms)
				InitializePlatformSupportModulesInManaged (5ms)
				SetLoadedEditorAssemblies (0ms)
				RefreshPlugins (1ms)
				BeforeProcessingInitializeOnLoad (72ms)
				ProcessInitializeOnLoadAttributes (152ms)
				ProcessInitializeOnLoadMethodAttributes (8ms)
				AfterProcessingInitializeOnLoad (6ms)
				EditorAssembliesLoaded (0ms)
			ExecutionOrderSort2 (0ms)
			AwakeInstancesAfterBackupRestoration (7ms)
Platform modules already initialized, skipping
Refreshing native plugins compatible for Editor in 0.54 ms, found 3 plugins.
Preloading 0 native plugins for Editor in 0.00 ms.
Unloading 2232 Unused Serialized files (Serialized files now loaded: 0)
System memory in use before: 101.5 MB.
System memory in use after: 101.5 MB.

Unloading 20 unused Assets to reduce memory usage. Loaded Objects now: 2698.
Total: 2.873400 ms (FindLiveObjects: 0.168600 ms CreateObjectMapping: 0.058100 ms MarkObjects: 2.526000 ms  DeleteObjects: 0.119900 ms)

AssetImportParameters requested are different than current active one (requested -> active):
  custom:framework-win-MediaFoundation: 216162199b28c13a410421893ffa2e32 -> 
  custom:video-decoder-ogg-theora: a1e56fd34408186e4bbccfd4996cb3dc -> 
  custom:container-muxer-webm: aa71ff27fc2769a1b78a27578f13a17b -> 
  custom:container-demuxer-webm: 4f35f7cbe854078d1ac9338744f61a02 -> 
  custom:container-demuxer-ogg: 62fdf1f143b41e24485cea50d1cbac27 -> 
  custom:video-encoder-webm-vp8: eb34c28f22e8b96e1ab97ce403110664 -> 
  custom:video-codec-MediaFoundation-h265: 746d11721c4dcdbdad8f713fa42b33f4 -> 
  custom:video-decoder-webm-vp8: 9c59270c3fd7afecdb556c50c9e8de78 -> 
  custom:audio-decoder-ogg-vorbis: bf7c407c2cedff20999df2af8eb42d56 -> 
  custom:audio-encoder-webm-vorbis: bf7c407c2cedff20999df2af8eb42d56 -> 
========================================================================
Received Prepare
Registering precompiled user dll's ...
Registered in 0.004437 seconds.
Begin MonoManager ReloadAssembly
Native extension for WindowsStandalone target not found
Native extension for OSXStandalone target not found
Native extension for WebGL target not found
Refreshing native plugins compatible for Editor in 0.57 ms, found 3 plugins.
Preloading 0 native plugins for Editor in 0.00 ms.
Mono: successfully reloaded assembly
- Completed reload, in  0.806 seconds
Domain Reload Profiling:
	ReloadAssembly (807ms)
		BeginReloadAssembly (104ms)
			ExecutionOrderSort (0ms)
			DisableScriptedObjects (5ms)
			BackupInstance (0ms)
			ReleaseScriptingObjects (0ms)
			CreateAndSetChildDomain (28ms)
		EndReloadAssembly (656ms)
			LoadAssemblies (94ms)
			RebuildTransferFunctionScriptingTraits (0ms)
			SetupTypeCache (231ms)
			ReleaseScriptCaches (1ms)
			RebuildScriptCaches (30ms)
			SetupLoadedEditorAssemblies (246ms)
				LogAssemblyErrors (0ms)
				InitializePlatformSupportModulesInManaged (5ms)
				SetLoadedEditorAssemblies (0ms)
				RefreshPlugins (1ms)
				BeforeProcessingInitializeOnLoad (74ms)
				ProcessInitializeOnLoadAttributes (151ms)
				ProcessInitializeOnLoadMethodAttributes (8ms)
				AfterProcessingInitializeOnLoad (6ms)
				EditorAssembliesLoaded (0ms)
			ExecutionOrderSort2 (0ms)
			AwakeInstancesAfterBackupRestoration (7ms)
Platform modules already initialized, skipping
Refreshing native plugins compatible for Editor in 0.52 ms, found 3 plugins.
Preloading 0 native plugins for Editor in 0.00 ms.
Unloading 2232 Unused Serialized files (Serialized files now loaded: 0)
System memory in use before: 101.5 MB.
System memory in use after: 101.5 MB.

Unloading 20 unused Assets to reduce memory usage. Loaded Objects now: 2700.
Total: 3.294200 ms (FindLiveObjects: 0.145900 ms CreateObjectMapping: 0.084400 ms MarkObjects: 2.835800 ms  DeleteObjects: 0.227000 ms)

AssetImportParameters requested are different than current active one (requested -> active):
  custom:framework-win-MediaFoundation: 216162199b28c13a410421893ffa2e32 -> 
  custom:video-decoder-ogg-theora: a1e56fd34408186e4bbccfd4996cb3dc -> 
  custom:container-muxer-webm: aa71ff27fc2769a1b78a27578f13a17b -> 
  custom:container-demuxer-webm: 4f35f7cbe854078d1ac9338744f61a02 -> 
  custom:container-demuxer-ogg: 62fdf1f143b41e24485cea50d1cbac27 -> 
  custom:video-encoder-webm-vp8: eb34c28f22e8b96e1ab97ce403110664 -> 
  custom:video-codec-MediaFoundation-h265: 746d11721c4dcdbdad8f713fa42b33f4 -> 
  custom:video-decoder-webm-vp8: 9c59270c3fd7afecdb556c50c9e8de78 -> 
  custom:audio-decoder-ogg-vorbis: bf7c407c2cedff20999df2af8eb42d56 -> 
  custom:audio-encoder-webm-vorbis: bf7c407c2cedff20999df2af8eb42d56 -> 
AssetImportWorkerClient::OnTransportError - code=2 error=End of file
